<?xml version="1.0" encoding="UTF-8"?>
<testsuite name="MatrixTest" tests="1" skipped="0" failures="0" errors="0" timestamp="2023-11-18T00:21:21" hostname="DESKTOP-07HMHSA" time="0.032">
  <properties/>
  <testcase name="step2()" classname="MatrixTest" time="0.032"/>
  <system-out><![CDATA[]]></system-out>
  <system-err><![CDATA[]]></system-err>
</testsuite>
