<?xml version="1.0" encoding="UTF-8"?>
<testsuite name="MatrixTest" tests="5" skipped="0" failures="0" errors="0" timestamp="2023-11-18T01:16:05" hostname="DESKTOP-07HMHSA" time="0.074">
  <properties/>
  <testcase name="step2()" classname="MatrixTest" time="0.055"/>
  <testcase name="step3()" classname="MatrixTest" time="0.007"/>
  <testcase name="step4()" classname="MatrixTest" time="0.003"/>
  <testcase name="step5()" classname="MatrixTest" time="0.002"/>
  <testcase name="step6()" classname="MatrixTest" time="0.002"/>
  <system-out><![CDATA[]]></system-out>
  <system-err><![CDATA[]]></system-err>
</testsuite>
