<?xml version="1.0" encoding="UTF-8"?>
<testsuite name="MatrixTest" tests="2" skipped="0" failures="0" errors="0" timestamp="2023-11-18T01:00:37" hostname="DESKTOP-07HMHSA" time="0.039">
  <properties/>
  <testcase name="step2()" classname="MatrixTest" time="0.033"/>
  <testcase name="step3()" classname="MatrixTest" time="0.004"/>
  <system-out><![CDATA[]]></system-out>
  <system-err><![CDATA[]]></system-err>
</testsuite>
